<?xml version="1.0" encoding="UTF-8"?>
<!-- Generated by org.testng.reporters.JUnitReportReporter -->
<testsuite skipped="1" hostname="D-184003222" name="com.wipro.chcare.ccc.openCart001_Registration" tests="14" failures="1" timestamp="28 Feb 2018 07:30:38 GMT" time="91.384" errors="0">
  <testcase name="registration" time="5.849" classname="com.wipro.chcare.ccc.openCart001_Registration"/>
  <testcase name="reviewProd" time="21.849" classname="com.wipro.chcare.ccc.openCart001_Registration"/>
  <testcase name="registration" time="6.499" classname="com.wipro.chcare.ccc.openCart001_Registration"/>
  <testcase name="registration" time="5.794" classname="com.wipro.chcare.ccc.openCart001_Registration"/>
  <testcase name="registration" time="5.710" classname="com.wipro.chcare.ccc.openCart001_Registration"/>
  <testcase name="reviewProd" time="15.198" classname="com.wipro.chcare.ccc.openCart001_Registration">
    <failure type="java.lang.AssertionError" message="expected [Warning: Verification code does not match the image!] but found [Warning: Review Text must be between 25 and 1000 characters!]">
      <![CDATA[java.lang.AssertionError: expected [Warning: Verification code does not match the image!] but found [Warning: Review Text must be between 25 and 1000 characters!]at org.testng.Assert.fail(Assert.java:96)at org.testng.Assert.failNotEquals(Assert.java:776)at org.testng.Assert.assertEqualsImpl(Assert.java:137)at org.testng.Assert.assertEquals(Assert.java:118)at org.testng.Assert.assertEquals(Assert.java:453)at org.testng.Assert.assertEquals(Assert.java:463)at com.wipro.chcare.ccc.openCart001_Registration.reviewProd(openCart001_Registration.java:245)at sun.reflect.NativeMethodAccessorImpl.invoke0(Native Method)at sun.reflect.NativeMethodAccessorImpl.invoke(NativeMethodAccessorImpl.java:62)at sun.reflect.DelegatingMethodAccessorImpl.invoke(DelegatingMethodAccessorImpl.java:43)at java.lang.reflect.Method.invoke(Method.java:498)at org.testng.internal.MethodInvocationHelper.invokeMethod(MethodInvocationHelper.java:124)at org.testng.internal.Invoker.invokeMethod(Invoker.java:571)at org.testng.internal.Invoker.invokeTestMethod(Invoker.java:707)at org.testng.internal.Invoker.invokeTestMethods(Invoker.java:979)at org.testng.internal.TestMethodWorker.invokeTestMethods(TestMethodWorker.java:125)at org.testng.internal.TestMethodWorker.run(TestMethodWorker.java:109)at org.testng.TestRunner.privateRun(TestRunner.java:648)at org.testng.TestRunner.run(TestRunner.java:505)at org.testng.SuiteRunner.runTest(SuiteRunner.java:455)at org.testng.SuiteRunner.runSequentially(SuiteRunner.java:450)at org.testng.SuiteRunner.privateRun(SuiteRunner.java:415)at org.testng.SuiteRunner.run(SuiteRunner.java:364)at org.testng.SuiteRunnerWorker.runSuite(SuiteRunnerWorker.java:52)at org.testng.SuiteRunnerWorker.run(SuiteRunnerWorker.java:84)at org.testng.TestNG.runSuitesSequentially(TestNG.java:1187)at org.testng.TestNG.runSuitesLocally(TestNG.java:1116)at org.testng.TestNG.runSuites(TestNG.java:1028)at org.testng.TestNG.run(TestNG.java:996)at org.testng.remote.AbstractRemoteTestNG.run(AbstractRemoteTestNG.java:114)at org.testng.remote.RemoteTestNG.initAndRun(RemoteTestNG.java:251)at org.testng.remote.RemoteTestNG.main(RemoteTestNG.java:77)]]>
    </failure>
  </testcase> <!-- reviewProd -->
  <testcase name="registration" time="5.759" classname="com.wipro.chcare.ccc.openCart001_Registration"/>
  <testcase name="registration" time="5.792" classname="com.wipro.chcare.ccc.openCart001_Registration"/>
  <testcase name="addToWishList" time="0.000" classname="com.wipro.chcare.ccc.openCart001_Registration">
    <skipped/>
  </testcase> <!-- addToWishList -->
  <testcase name="registration" time="5.659" classname="com.wipro.chcare.ccc.openCart001_Registration"/>
  <testcase name="registration" time="5.862" classname="com.wipro.chcare.ccc.openCart001_Registration"/>
  <testcase name="openApp" time="0.927" classname="com.wipro.chcare.ccc.openCart001_Registration"/>
  <testcase name="loginApp" time="0.902" classname="com.wipro.chcare.ccc.openCart001_Registration"/>
  <testcase name="registration" time="5.584" classname="com.wipro.chcare.ccc.openCart001_Registration"/>
</testsuite> <!-- com.wipro.chcare.ccc.openCart001_Registration -->
